<?xml version="1.0" encoding="UTF-8"?>
<!-- Generated by org.testng.reporters.JUnitReportReporter -->
<testsuite hostname="LAPTOP-S1PMD99L" failures="0" tests="10" name="runner.WebApp" time="386.010" errors="0" timestamp="18 Jan 2022 15:37:54 GMT" skipped="0">
  <testcase classname="runner.WebApp" name="HomePage" time="21.297"/>
  <testcase classname="runner.WebApp" name="SignUp" time="25.936"/>
  <testcase classname="runner.WebApp" name="HomepageLogin" time="21.592"/>
  <testcase classname="runner.WebApp" name="AboutPage" time="19.395"/>
  <testcase classname="runner.WebApp" name="ContactPage" time="47.119"/>
  <testcase classname="runner.WebApp" name="OnewayPage" time="33.195"/>
  <testcase classname="runner.WebApp" name="LocalPage" time="81.906"/>
  <testcase classname="runner.WebApp" name="OutstationPage" time="73.236"/>
  <testcase classname="runner.WebApp" name="AirportPage" time="30.157"/>
  <testcase classname="runner.WebApp" name="CorporatePage" time="32.177"/>
</testsuite> <!-- runner.WebApp -->
